Build started 19/02/2016 08:30:31 p.m..
     1>Project "C:\Users\Carlos\documents\visual studio 2013\Projects\PuyoPuyoGame\PuyoPuyoGame\PuyoPuyoGame.vcxproj" on node 2 (Build target(s)).
     1>ClCompile:
         C:\Program Files (x86)\Microsoft Visual Studio 12.0\VC\bin\CL.exe /c /ZI /nologo /W3 /WX- /sdl /Od /Oy- /D WIN32 /D _DEBUG /D _CONSOLE /D _LIB /D _UNICODE /D UNICODE /Gm /EHsc /RTC1 /MDd /GS /fp:precise /Zc:wchar_t /Zc:forScope /Fo"Debug\\" /Fd"Debug\vc120.pdb" /Gd /TP /analyze- /errorReport:prompt GameLoop.cpp Gamelogic.cpp Menu.cpp main.cpp
         main.cpp
         Menu.cpp
         Gamelogic.cpp
         GameLoop.cpp
     1>c:\users\carlos\documents\visual studio 2013\projects\puyopuyogame\puyopuyogame\gameloop.cpp(30): error C2601: 'GameLoop::DeletePair' : local function definitions are illegal
                 c:\users\carlos\documents\visual studio 2013\projects\puyopuyogame\puyopuyogame\gameloop.cpp(27): this line contains a '{' which has not yet been matched
     1>c:\users\carlos\documents\visual studio 2013\projects\puyopuyogame\puyopuyogame\gameloop.cpp(36): error C2601: 'GameLoop::PrintElements' : local function definitions are illegal
                 c:\users\carlos\documents\visual studio 2013\projects\puyopuyogame\puyopuyogame\gameloop.cpp(27): this line contains a '{' which has not yet been matched
     1>c:\users\carlos\documents\visual studio 2013\projects\puyopuyogame\puyopuyogame\gameloop.cpp(48): error C2601: 'GameLoop::UpdateGame' : local function definitions are illegal
                 c:\users\carlos\documents\visual studio 2013\projects\puyopuyogame\puyopuyogame\gameloop.cpp(27): this line contains a '{' which has not yet been matched
     1>c:\users\carlos\documents\visual studio 2013\projects\puyopuyogame\puyopuyogame\gameloop.cpp(198): fatal error C1075: end of file found before the left brace '{' at 'c:\users\carlos\documents\visual studio 2013\projects\puyopuyogame\puyopuyogame\gameloop.cpp(27)' was matched
         Generating Code...
     1>Done Building Project "C:\Users\Carlos\documents\visual studio 2013\Projects\PuyoPuyoGame\PuyoPuyoGame\PuyoPuyoGame.vcxproj" (Build target(s)) -- FAILED.

Build FAILED.

Time Elapsed 00:00:03.80
